<?xml version="1.0" encoding="UTF-8"?>
<testsuite xmlns:xsi="http://www.w3.org/2001/XMLSchema-instance" xsi:noNamespaceSchemaLocation="https://maven.apache.org/surefire/maven-surefire-plugin/xsd/surefire-test-report-3.0.xsd" version="3.0" name="com.pokemon.api.service.PokemonServiceTest" time="16.455" tests="2" errors="0" skipped="0" failures="0">
  <properties>
    <property name="java.specification.version" value="17"/>
    <property name="sun.cpu.isalist" value="amd64"/>
    <property name="sun.jnu.encoding" value="Cp1252"/>
    <property name="java.class.path" value="C:\pokemon-soap-api\target\test-classes;C:\pokemon-soap-api\target\classes;C:\Users\Manuel Alvarado\.m2\repository\org\springframework\boot\spring-boot-starter-web\3.2.0\spring-boot-starter-web-3.2.0.jar;C:\Users\Manuel Alvarado\.m2\repository\org\springframework\boot\spring-boot-starter\3.2.0\spring-boot-starter-3.2.0.jar;C:\Users\Manuel Alvarado\.m2\repository\org\springframework\boot\spring-boot\3.2.0\spring-boot-3.2.0.jar;C:\Users\Manuel Alvarado\.m2\repository\org\springframework\boot\spring-boot-autoconfigure\3.2.0\spring-boot-autoconfigure-3.2.0.jar;C:\Users\Manuel Alvarado\.m2\repository\org\springframework\boot\spring-boot-starter-logging\3.2.0\spring-boot-starter-logging-3.2.0.jar;C:\Users\Manuel Alvarado\.m2\repository\ch\qos\logback\logback-classic\1.4.11\logback-classic-1.4.11.jar;C:\Users\Manuel Alvarado\.m2\repository\ch\qos\logback\logback-core\1.4.11\logback-core-1.4.11.jar;C:\Users\Manuel Alvarado\.m2\repository\org\apache\logging\log4j\log4j-to-slf4j\2.21.1\log4j-to-slf4j-2.21.1.jar;C:\Users\Manuel Alvarado\.m2\repository\org\apache\logging\log4j\log4j-api\2.21.1\log4j-api-2.21.1.jar;C:\Users\Manuel Alvarado\.m2\repository\org\slf4j\jul-to-slf4j\2.0.9\jul-to-slf4j-2.0.9.jar;C:\Users\Manuel Alvarado\.m2\repository\jakarta\annotation\jakarta.annotation-api\2.1.1\jakarta.annotation-api-2.1.1.jar;C:\Users\Manuel Alvarado\.m2\repository\org\yaml\snakeyaml\2.2\snakeyaml-2.2.jar;C:\Users\Manuel Alvarado\.m2\repository\org\springframework\boot\spring-boot-starter-json\3.2.0\spring-boot-starter-json-3.2.0.jar;C:\Users\Manuel Alvarado\.m2\repository\com\fasterxml\jackson\core\jackson-databind\2.15.3\jackson-databind-2.15.3.jar;C:\Users\Manuel Alvarado\.m2\repository\com\fasterxml\jackson\core\jackson-annotations\2.15.3\jackson-annotations-2.15.3.jar;C:\Users\Manuel Alvarado\.m2\repository\com\fasterxml\jackson\core\jackson-core\2.15.3\jackson-core-2.15.3.jar;C:\Users\Manuel Alvarado\.m2\repository\com\fasterxml\jackson\datatype\jackson-datatype-jdk8\2.15.3\jackson-datatype-jdk8-2.15.3.jar;C:\Users\Manuel Alvarado\.m2\repository\com\fasterxml\jackson\datatype\jackson-datatype-jsr310\2.15.3\jackson-datatype-jsr310-2.15.3.jar;C:\Users\Manuel Alvarado\.m2\repository\com\fasterxml\jackson\module\jackson-module-parameter-names\2.15.3\jackson-module-parameter-names-2.15.3.jar;C:\Users\Manuel Alvarado\.m2\repository\org\springframework\boot\spring-boot-starter-tomcat\3.2.0\spring-boot-starter-tomcat-3.2.0.jar;C:\Users\Manuel Alvarado\.m2\repository\org\apache\tomcat\embed\tomcat-embed-core\10.1.16\tomcat-embed-core-10.1.16.jar;C:\Users\Manuel Alvarado\.m2\repository\org\apache\tomcat\embed\tomcat-embed-websocket\10.1.16\tomcat-embed-websocket-10.1.16.jar;C:\Users\Manuel Alvarado\.m2\repository\org\springframework\spring-web\6.1.1\spring-web-6.1.1.jar;C:\Users\Manuel Alvarado\.m2\repository\org\springframework\spring-beans\6.1.1\spring-beans-6.1.1.jar;C:\Users\Manuel Alvarado\.m2\repository\io\micrometer\micrometer-observation\1.12.0\micrometer-observation-1.12.0.jar;C:\Users\Manuel Alvarado\.m2\repository\io\micrometer\micrometer-commons\1.12.0\micrometer-commons-1.12.0.jar;C:\Users\Manuel Alvarado\.m2\repository\org\springframework\spring-webmvc\6.1.1\spring-webmvc-6.1.1.jar;C:\Users\Manuel Alvarado\.m2\repository\org\springframework\spring-aop\6.1.1\spring-aop-6.1.1.jar;C:\Users\Manuel Alvarado\.m2\repository\org\springframework\spring-context\6.1.1\spring-context-6.1.1.jar;C:\Users\Manuel Alvarado\.m2\repository\org\springframework\spring-expression\6.1.1\spring-expression-6.1.1.jar;C:\Users\Manuel Alvarado\.m2\repository\org\springframework\boot\spring-boot-starter-web-services\3.2.0\spring-boot-starter-web-services-3.2.0.jar;C:\Users\Manuel Alvarado\.m2\repository\com\sun\xml\messaging\saaj\saaj-impl\3.0.3\saaj-impl-3.0.3.jar;C:\Users\Manuel Alvarado\.m2\repository\jakarta\xml\soap\jakarta.xml.soap-api\3.0.1\jakarta.xml.soap-api-3.0.1.jar;C:\Users\Manuel Alvarado\.m2\repository\org\jvnet\staxex\stax-ex\2.1.0\stax-ex-2.1.0.jar;C:\Users\Manuel Alvarado\.m2\repository\jakarta\activation\jakarta.activation-api\2.1.2\jakarta.activation-api-2.1.2.jar;C:\Users\Manuel Alvarado\.m2\repository\org\eclipse\angus\angus-activation\2.0.1\angus-activation-2.0.1.jar;C:\Users\Manuel Alvarado\.m2\repository\jakarta\xml\ws\jakarta.xml.ws-api\4.0.1\jakarta.xml.ws-api-4.0.1.jar;C:\Users\Manuel Alvarado\.m2\repository\org\springframework\spring-oxm\6.1.1\spring-oxm-6.1.1.jar;C:\Users\Manuel Alvarado\.m2\repository\org\springframework\ws\spring-ws-core\4.0.8\spring-ws-core-4.0.8.jar;C:\Users\Manuel Alvarado\.m2\repository\org\springframework\ws\spring-xml\4.0.8\spring-xml-4.0.8.jar;C:\Users\Manuel Alvarado\.m2\repository\org\glassfish\jaxb\jaxb-runtime\4.0.4\jaxb-runtime-4.0.4.jar;C:\Users\Manuel Alvarado\.m2\repository\org\glassfish\jaxb\jaxb-core\4.0.4\jaxb-core-4.0.4.jar;C:\Users\Manuel Alvarado\.m2\repository\org\glassfish\jaxb\txw2\4.0.4\txw2-4.0.4.jar;C:\Users\Manuel Alvarado\.m2\repository\com\sun\istack\istack-commons-runtime\4.1.2\istack-commons-runtime-4.1.2.jar;C:\Users\Manuel Alvarado\.m2\repository\org\springframework\boot\spring-boot-starter-data-jpa\3.2.0\spring-boot-starter-data-jpa-3.2.0.jar;C:\Users\Manuel Alvarado\.m2\repository\org\springframework\boot\spring-boot-starter-aop\3.2.0\spring-boot-starter-aop-3.2.0.jar;C:\Users\Manuel Alvarado\.m2\repository\org\aspectj\aspectjweaver\1.9.20.1\aspectjweaver-1.9.20.1.jar;C:\Users\Manuel Alvarado\.m2\repository\org\springframework\boot\spring-boot-starter-jdbc\3.2.0\spring-boot-starter-jdbc-3.2.0.jar;C:\Users\Manuel Alvarado\.m2\repository\com\zaxxer\HikariCP\5.0.1\HikariCP-5.0.1.jar;C:\Users\Manuel Alvarado\.m2\repository\org\springframework\spring-jdbc\6.1.1\spring-jdbc-6.1.1.jar;C:\Users\Manuel Alvarado\.m2\repository\org\hibernate\orm\hibernate-core\6.3.1.Final\hibernate-core-6.3.1.Final.jar;C:\Users\Manuel Alvarado\.m2\repository\jakarta\persistence\jakarta.persistence-api\3.1.0\jakarta.persistence-api-3.1.0.jar;C:\Users\Manuel Alvarado\.m2\repository\jakarta\transaction\jakarta.transaction-api\2.0.1\jakarta.transaction-api-2.0.1.jar;C:\Users\Manuel Alvarado\.m2\repository\org\jboss\logging\jboss-logging\3.5.3.Final\jboss-logging-3.5.3.Final.jar;C:\Users\Manuel Alvarado\.m2\repository\org\hibernate\common\hibernate-commons-annotations\6.0.6.Final\hibernate-commons-annotations-6.0.6.Final.jar;C:\Users\Manuel Alvarado\.m2\repository\io\smallrye\jandex\3.1.2\jandex-3.1.2.jar;C:\Users\Manuel Alvarado\.m2\repository\com\fasterxml\classmate\1.6.0\classmate-1.6.0.jar;C:\Users\Manuel Alvarado\.m2\repository\net\bytebuddy\byte-buddy\1.14.10\byte-buddy-1.14.10.jar;C:\Users\Manuel Alvarado\.m2\repository\jakarta\inject\jakarta.inject-api\2.0.1\jakarta.inject-api-2.0.1.jar;C:\Users\Manuel Alvarado\.m2\repository\org\antlr\antlr4-runtime\4.10.1\antlr4-runtime-4.10.1.jar;C:\Users\Manuel Alvarado\.m2\repository\org\springframework\data\spring-data-jpa\3.2.0\spring-data-jpa-3.2.0.jar;C:\Users\Manuel Alvarado\.m2\repository\org\springframework\data\spring-data-commons\3.2.0\spring-data-commons-3.2.0.jar;C:\Users\Manuel Alvarado\.m2\repository\org\springframework\spring-orm\6.1.1\spring-orm-6.1.1.jar;C:\Users\Manuel Alvarado\.m2\repository\org\springframework\spring-tx\6.1.1\spring-tx-6.1.1.jar;C:\Users\Manuel Alvarado\.m2\repository\org\slf4j\slf4j-api\2.0.9\slf4j-api-2.0.9.jar;C:\Users\Manuel Alvarado\.m2\repository\org\springframework\spring-aspects\6.1.1\spring-aspects-6.1.1.jar;C:\Users\Manuel Alvarado\.m2\repository\org\springframework\boot\spring-boot-starter-validation\3.2.0\spring-boot-starter-validation-3.2.0.jar;C:\Users\Manuel Alvarado\.m2\repository\org\apache\tomcat\embed\tomcat-embed-el\10.1.16\tomcat-embed-el-10.1.16.jar;C:\Users\Manuel Alvarado\.m2\repository\org\hibernate\validator\hibernate-validator\8.0.1.Final\hibernate-validator-8.0.1.Final.jar;C:\Users\Manuel Alvarado\.m2\repository\jakarta\validation\jakarta.validation-api\3.0.2\jakarta.validation-api-3.0.2.jar;C:\Users\Manuel Alvarado\.m2\repository\com\h2database\h2\2.2.224\h2-2.2.224.jar;C:\Users\Manuel Alvarado\.m2\repository\com\mysql\mysql-connector-j\8.0.33\mysql-connector-j-8.0.33.jar;C:\Users\Manuel Alvarado\.m2\repository\wsdl4j\wsdl4j\1.6.3\wsdl4j-1.6.3.jar;C:\Users\Manuel Alvarado\.m2\repository\org\springframework\boot\spring-boot-starter-webflux\3.2.0\spring-boot-starter-webflux-3.2.0.jar;C:\Users\Manuel Alvarado\.m2\repository\org\springframework\boot\spring-boot-starter-reactor-netty\3.2.0\spring-boot-starter-reactor-netty-3.2.0.jar;C:\Users\Manuel Alvarado\.m2\repository\io\projectreactor\netty\reactor-netty-http\1.1.13\reactor-netty-http-1.1.13.jar;C:\Users\Manuel Alvarado\.m2\repository\io\netty\netty-codec-http\4.1.101.Final\netty-codec-http-4.1.101.Final.jar;C:\Users\Manuel Alvarado\.m2\repository\io\netty\netty-common\4.1.101.Final\netty-common-4.1.101.Final.jar;C:\Users\Manuel Alvarado\.m2\repository\io\netty\netty-buffer\4.1.101.Final\netty-buffer-4.1.101.Final.jar;C:\Users\Manuel Alvarado\.m2\repository\io\netty\netty-transport\4.1.101.Final\netty-transport-4.1.101.Final.jar;C:\Users\Manuel Alvarado\.m2\repository\io\netty\netty-codec\4.1.101.Final\netty-codec-4.1.101.Final.jar;C:\Users\Manuel Alvarado\.m2\repository\io\netty\netty-handler\4.1.101.Final\netty-handler-4.1.101.Final.jar;C:\Users\Manuel Alvarado\.m2\repository\io\netty\netty-codec-http2\4.1.101.Final\netty-codec-http2-4.1.101.Final.jar;C:\Users\Manuel Alvarado\.m2\repository\io\netty\netty-resolver-dns\4.1.101.Final\netty-resolver-dns-4.1.101.Final.jar;C:\Users\Manuel Alvarado\.m2\repository\io\netty\netty-resolver\4.1.101.Final\netty-resolver-4.1.101.Final.jar;C:\Users\Manuel Alvarado\.m2\repository\io\netty\netty-codec-dns\4.1.101.Final\netty-codec-dns-4.1.101.Final.jar;C:\Users\Manuel Alvarado\.m2\repository\io\netty\netty-resolver-dns-native-macos\4.1.101.Final\netty-resolver-dns-native-macos-4.1.101.Final-osx-x86_64.jar;C:\Users\Manuel Alvarado\.m2\repository\io\netty\netty-resolver-dns-classes-macos\4.1.101.Final\netty-resolver-dns-classes-macos-4.1.101.Final.jar;C:\Users\Manuel Alvarado\.m2\repository\io\netty\netty-transport-native-epoll\4.1.101.Final\netty-transport-native-epoll-4.1.101.Final-linux-x86_64.jar;C:\Users\Manuel Alvarado\.m2\repository\io\netty\netty-transport-native-unix-common\4.1.101.Final\netty-transport-native-unix-common-4.1.101.Final.jar;C:\Users\Manuel Alvarado\.m2\repository\io\netty\netty-transport-classes-epoll\4.1.101.Final\netty-transport-classes-epoll-4.1.101.Final.jar;C:\Users\Manuel Alvarado\.m2\repository\io\projectreactor\netty\reactor-netty-core\1.1.13\reactor-netty-core-1.1.13.jar;C:\Users\Manuel Alvarado\.m2\repository\io\netty\netty-handler-proxy\4.1.101.Final\netty-handler-proxy-4.1.101.Final.jar;C:\Users\Manuel Alvarado\.m2\repository\io\netty\netty-codec-socks\4.1.101.Final\netty-codec-socks-4.1.101.Final.jar;C:\Users\Manuel Alvarado\.m2\repository\org\springframework\spring-webflux\6.1.1\spring-webflux-6.1.1.jar;C:\Users\Manuel Alvarado\.m2\repository\io\projectreactor\reactor-core\3.6.0\reactor-core-3.6.0.jar;C:\Users\Manuel Alvarado\.m2\repository\org\reactivestreams\reactive-streams\1.0.4\reactive-streams-1.0.4.jar;C:\Users\Manuel Alvarado\.m2\repository\org\springdoc\springdoc-openapi-starter-webmvc-ui\2.2.0\springdoc-openapi-starter-webmvc-ui-2.2.0.jar;C:\Users\Manuel Alvarado\.m2\repository\org\springdoc\springdoc-openapi-starter-webmvc-api\2.2.0\springdoc-openapi-starter-webmvc-api-2.2.0.jar;C:\Users\Manuel Alvarado\.m2\repository\org\springdoc\springdoc-openapi-starter-common\2.2.0\springdoc-openapi-starter-common-2.2.0.jar;C:\Users\Manuel Alvarado\.m2\repository\io\swagger\core\v3\swagger-core-jakarta\2.2.15\swagger-core-jakarta-2.2.15.jar;C:\Users\Manuel Alvarado\.m2\repository\org\apache\commons\commons-lang3\3.13.0\commons-lang3-3.13.0.jar;C:\Users\Manuel Alvarado\.m2\repository\io\swagger\core\v3\swagger-annotations-jakarta\2.2.15\swagger-annotations-jakarta-2.2.15.jar;C:\Users\Manuel Alvarado\.m2\repository\io\swagger\core\v3\swagger-models-jakarta\2.2.15\swagger-models-jakarta-2.2.15.jar;C:\Users\Manuel Alvarado\.m2\repository\com\fasterxml\jackson\dataformat\jackson-dataformat-yaml\2.15.3\jackson-dataformat-yaml-2.15.3.jar;C:\Users\Manuel Alvarado\.m2\repository\org\webjars\swagger-ui\5.2.0\swagger-ui-5.2.0.jar;C:\Users\Manuel Alvarado\.m2\repository\org\springframework\boot\spring-boot-starter-test\3.2.0\spring-boot-starter-test-3.2.0.jar;C:\Users\Manuel Alvarado\.m2\repository\org\springframework\boot\spring-boot-test\3.2.0\spring-boot-test-3.2.0.jar;C:\Users\Manuel Alvarado\.m2\repository\org\springframework\boot\spring-boot-test-autoconfigure\3.2.0\spring-boot-test-autoconfigure-3.2.0.jar;C:\Users\Manuel Alvarado\.m2\repository\com\jayway\jsonpath\json-path\2.8.0\json-path-2.8.0.jar;C:\Users\Manuel Alvarado\.m2\repository\jakarta\xml\bind\jakarta.xml.bind-api\4.0.1\jakarta.xml.bind-api-4.0.1.jar;C:\Users\Manuel Alvarado\.m2\repository\net\minidev\json-smart\2.5.0\json-smart-2.5.0.jar;C:\Users\Manuel Alvarado\.m2\repository\net\minidev\accessors-smart\2.5.0\accessors-smart-2.5.0.jar;C:\Users\Manuel Alvarado\.m2\repository\org\ow2\asm\asm\9.3\asm-9.3.jar;C:\Users\Manuel Alvarado\.m2\repository\org\assertj\assertj-core\3.24.2\assertj-core-3.24.2.jar;C:\Users\Manuel Alvarado\.m2\repository\org\awaitility\awaitility\4.2.0\awaitility-4.2.0.jar;C:\Users\Manuel Alvarado\.m2\repository\org\hamcrest\hamcrest\2.2\hamcrest-2.2.jar;C:\Users\Manuel Alvarado\.m2\repository\org\junit\jupiter\junit-jupiter\5.10.1\junit-jupiter-5.10.1.jar;C:\Users\Manuel Alvarado\.m2\repository\org\junit\jupiter\junit-jupiter-api\5.10.1\junit-jupiter-api-5.10.1.jar;C:\Users\Manuel Alvarado\.m2\repository\org\junit\jupiter\junit-jupiter-params\5.10.1\junit-jupiter-params-5.10.1.jar;C:\Users\Manuel Alvarado\.m2\repository\org\junit\jupiter\junit-jupiter-engine\5.10.1\junit-jupiter-engine-5.10.1.jar;C:\Users\Manuel Alvarado\.m2\repository\org\mockito\mockito-core\5.7.0\mockito-core-5.7.0.jar;C:\Users\Manuel Alvarado\.m2\repository\net\bytebuddy\byte-buddy-agent\1.14.10\byte-buddy-agent-1.14.10.jar;C:\Users\Manuel Alvarado\.m2\repository\org\objenesis\objenesis\3.3\objenesis-3.3.jar;C:\Users\Manuel Alvarado\.m2\repository\org\mockito\mockito-junit-jupiter\5.7.0\mockito-junit-jupiter-5.7.0.jar;C:\Users\Manuel Alvarado\.m2\repository\org\skyscreamer\jsonassert\1.5.1\jsonassert-1.5.1.jar;C:\Users\Manuel Alvarado\.m2\repository\com\vaadin\external\google\android-json\0.0.20131108.vaadin1\android-json-0.0.20131108.vaadin1.jar;C:\Users\Manuel Alvarado\.m2\repository\org\springframework\spring-core\6.1.1\spring-core-6.1.1.jar;C:\Users\Manuel Alvarado\.m2\repository\org\springframework\spring-jcl\6.1.1\spring-jcl-6.1.1.jar;C:\Users\Manuel Alvarado\.m2\repository\org\springframework\spring-test\6.1.1\spring-test-6.1.1.jar;C:\Users\Manuel Alvarado\.m2\repository\org\xmlunit\xmlunit-core\2.9.1\xmlunit-core-2.9.1.jar;C:\Users\Manuel Alvarado\.m2\repository\io\cucumber\cucumber-java\7.14.0\cucumber-java-7.14.0.jar;C:\Users\Manuel Alvarado\.m2\repository\io\cucumber\cucumber-core\7.14.0\cucumber-core-7.14.0.jar;C:\Users\Manuel Alvarado\.m2\repository\io\cucumber\cucumber-gherkin\7.14.0\cucumber-gherkin-7.14.0.jar;C:\Users\Manuel Alvarado\.m2\repository\io\cucumber\cucumber-gherkin-messages\7.14.0\cucumber-gherkin-messages-7.14.0.jar;C:\Users\Manuel Alvarado\.m2\repository\io\cucumber\gherkin\26.2.0\gherkin-26.2.0.jar;C:\Users\Manuel Alvarado\.m2\repository\io\cucumber\messages\22.0.0\messages-22.0.0.jar;C:\Users\Manuel Alvarado\.m2\repository\io\cucumber\tag-expressions\5.0.6\tag-expressions-5.0.6.jar;C:\Users\Manuel Alvarado\.m2\repository\io\cucumber\cucumber-expressions\16.1.2\cucumber-expressions-16.1.2.jar;C:\Users\Manuel Alvarado\.m2\repository\io\cucumber\datatable\7.14.0\datatable-7.14.0.jar;C:\Users\Manuel Alvarado\.m2\repository\io\cucumber\cucumber-plugin\7.14.0\cucumber-plugin-7.14.0.jar;C:\Users\Manuel Alvarado\.m2\repository\io\cucumber\docstring\7.14.0\docstring-7.14.0.jar;C:\Users\Manuel Alvarado\.m2\repository\io\cucumber\html-formatter\20.4.0\html-formatter-20.4.0.jar;C:\Users\Manuel Alvarado\.m2\repository\io\cucumber\junit-xml-formatter\0.2.0\junit-xml-formatter-0.2.0.jar;C:\Users\Manuel Alvarado\.m2\repository\io\cucumber\ci-environment\9.2.0\ci-environment-9.2.0.jar;C:\Users\Manuel Alvarado\.m2\repository\org\apiguardian\apiguardian-api\1.1.2\apiguardian-api-1.1.2.jar;C:\Users\Manuel Alvarado\.m2\repository\io\cucumber\cucumber-spring\7.14.0\cucumber-spring-7.14.0.jar;C:\Users\Manuel Alvarado\.m2\repository\io\cucumber\cucumber-junit-platform-engine\7.14.0\cucumber-junit-platform-engine-7.14.0.jar;C:\Users\Manuel Alvarado\.m2\repository\org\junit\platform\junit-platform-engine\1.10.1\junit-platform-engine-1.10.1.jar;C:\Users\Manuel Alvarado\.m2\repository\org\opentest4j\opentest4j\1.3.0\opentest4j-1.3.0.jar;C:\Users\Manuel Alvarado\.m2\repository\org\junit\platform\junit-platform-commons\1.10.1\junit-platform-commons-1.10.1.jar;"/>
    <property name="java.vm.vendor" value="Eclipse Adoptium"/>
    <property name="sun.arch.data.model" value="64"/>
    <property name="user.variant" value=""/>
    <property name="java.vendor.url" value="https://adoptium.net/"/>
    <property name="user.timezone" value="America/Mexico_City"/>
    <property name="org.jboss.logging.provider" value="slf4j"/>
    <property name="os.name" value="Windows 10"/>
    <property name="java.vm.specification.version" value="17"/>
    <property name="sun.java.launcher" value="SUN_STANDARD"/>
    <property name="user.country" value="MX"/>
    <property name="sun.boot.library.path" value="C:\Users\Manuel Alvarado\Downloads\sts-4.13.1.RELEASE\plugins\org.eclipse.justj.openjdk.hotspot.jre.full.win32.x86_64_17.0.1.v20211116-1657\jre\bin"/>
    <property name="sun.java.command" value="C:\Users\Manuel Alvarado\AppData\Local\Temp\surefire10708378791342265411\surefirebooter-20250828043029068_3.jar C:\Users\Manuel Alvarado\AppData\Local\Temp\surefire10708378791342265411 2025-08-28T04-30-28_780-jvmRun1 surefire-20250828043029068_1tmp surefire_0-20250828043029068_2tmp"/>
    <property name="jdk.debug" value="release"/>
    <property name="surefire.test.class.path" value="C:\pokemon-soap-api\target\test-classes;C:\pokemon-soap-api\target\classes;C:\Users\Manuel Alvarado\.m2\repository\org\springframework\boot\spring-boot-starter-web\3.2.0\spring-boot-starter-web-3.2.0.jar;C:\Users\Manuel Alvarado\.m2\repository\org\springframework\boot\spring-boot-starter\3.2.0\spring-boot-starter-3.2.0.jar;C:\Users\Manuel Alvarado\.m2\repository\org\springframework\boot\spring-boot\3.2.0\spring-boot-3.2.0.jar;C:\Users\Manuel Alvarado\.m2\repository\org\springframework\boot\spring-boot-autoconfigure\3.2.0\spring-boot-autoconfigure-3.2.0.jar;C:\Users\Manuel Alvarado\.m2\repository\org\springframework\boot\spring-boot-starter-logging\3.2.0\spring-boot-starter-logging-3.2.0.jar;C:\Users\Manuel Alvarado\.m2\repository\ch\qos\logback\logback-classic\1.4.11\logback-classic-1.4.11.jar;C:\Users\Manuel Alvarado\.m2\repository\ch\qos\logback\logback-core\1.4.11\logback-core-1.4.11.jar;C:\Users\Manuel Alvarado\.m2\repository\org\apache\logging\log4j\log4j-to-slf4j\2.21.1\log4j-to-slf4j-2.21.1.jar;C:\Users\Manuel Alvarado\.m2\repository\org\apache\logging\log4j\log4j-api\2.21.1\log4j-api-2.21.1.jar;C:\Users\Manuel Alvarado\.m2\repository\org\slf4j\jul-to-slf4j\2.0.9\jul-to-slf4j-2.0.9.jar;C:\Users\Manuel Alvarado\.m2\repository\jakarta\annotation\jakarta.annotation-api\2.1.1\jakarta.annotation-api-2.1.1.jar;C:\Users\Manuel Alvarado\.m2\repository\org\yaml\snakeyaml\2.2\snakeyaml-2.2.jar;C:\Users\Manuel Alvarado\.m2\repository\org\springframework\boot\spring-boot-starter-json\3.2.0\spring-boot-starter-json-3.2.0.jar;C:\Users\Manuel Alvarado\.m2\repository\com\fasterxml\jackson\core\jackson-databind\2.15.3\jackson-databind-2.15.3.jar;C:\Users\Manuel Alvarado\.m2\repository\com\fasterxml\jackson\core\jackson-annotations\2.15.3\jackson-annotations-2.15.3.jar;C:\Users\Manuel Alvarado\.m2\repository\com\fasterxml\jackson\core\jackson-core\2.15.3\jackson-core-2.15.3.jar;C:\Users\Manuel Alvarado\.m2\repository\com\fasterxml\jackson\datatype\jackson-datatype-jdk8\2.15.3\jackson-datatype-jdk8-2.15.3.jar;C:\Users\Manuel Alvarado\.m2\repository\com\fasterxml\jackson\datatype\jackson-datatype-jsr310\2.15.3\jackson-datatype-jsr310-2.15.3.jar;C:\Users\Manuel Alvarado\.m2\repository\com\fasterxml\jackson\module\jackson-module-parameter-names\2.15.3\jackson-module-parameter-names-2.15.3.jar;C:\Users\Manuel Alvarado\.m2\repository\org\springframework\boot\spring-boot-starter-tomcat\3.2.0\spring-boot-starter-tomcat-3.2.0.jar;C:\Users\Manuel Alvarado\.m2\repository\org\apache\tomcat\embed\tomcat-embed-core\10.1.16\tomcat-embed-core-10.1.16.jar;C:\Users\Manuel Alvarado\.m2\repository\org\apache\tomcat\embed\tomcat-embed-websocket\10.1.16\tomcat-embed-websocket-10.1.16.jar;C:\Users\Manuel Alvarado\.m2\repository\org\springframework\spring-web\6.1.1\spring-web-6.1.1.jar;C:\Users\Manuel Alvarado\.m2\repository\org\springframework\spring-beans\6.1.1\spring-beans-6.1.1.jar;C:\Users\Manuel Alvarado\.m2\repository\io\micrometer\micrometer-observation\1.12.0\micrometer-observation-1.12.0.jar;C:\Users\Manuel Alvarado\.m2\repository\io\micrometer\micrometer-commons\1.12.0\micrometer-commons-1.12.0.jar;C:\Users\Manuel Alvarado\.m2\repository\org\springframework\spring-webmvc\6.1.1\spring-webmvc-6.1.1.jar;C:\Users\Manuel Alvarado\.m2\repository\org\springframework\spring-aop\6.1.1\spring-aop-6.1.1.jar;C:\Users\Manuel Alvarado\.m2\repository\org\springframework\spring-context\6.1.1\spring-context-6.1.1.jar;C:\Users\Manuel Alvarado\.m2\repository\org\springframework\spring-expression\6.1.1\spring-expression-6.1.1.jar;C:\Users\Manuel Alvarado\.m2\repository\org\springframework\boot\spring-boot-starter-web-services\3.2.0\spring-boot-starter-web-services-3.2.0.jar;C:\Users\Manuel Alvarado\.m2\repository\com\sun\xml\messaging\saaj\saaj-impl\3.0.3\saaj-impl-3.0.3.jar;C:\Users\Manuel Alvarado\.m2\repository\jakarta\xml\soap\jakarta.xml.soap-api\3.0.1\jakarta.xml.soap-api-3.0.1.jar;C:\Users\Manuel Alvarado\.m2\repository\org\jvnet\staxex\stax-ex\2.1.0\stax-ex-2.1.0.jar;C:\Users\Manuel Alvarado\.m2\repository\jakarta\activation\jakarta.activation-api\2.1.2\jakarta.activation-api-2.1.2.jar;C:\Users\Manuel Alvarado\.m2\repository\org\eclipse\angus\angus-activation\2.0.1\angus-activation-2.0.1.jar;C:\Users\Manuel Alvarado\.m2\repository\jakarta\xml\ws\jakarta.xml.ws-api\4.0.1\jakarta.xml.ws-api-4.0.1.jar;C:\Users\Manuel Alvarado\.m2\repository\org\springframework\spring-oxm\6.1.1\spring-oxm-6.1.1.jar;C:\Users\Manuel Alvarado\.m2\repository\org\springframework\ws\spring-ws-core\4.0.8\spring-ws-core-4.0.8.jar;C:\Users\Manuel Alvarado\.m2\repository\org\springframework\ws\spring-xml\4.0.8\spring-xml-4.0.8.jar;C:\Users\Manuel Alvarado\.m2\repository\org\glassfish\jaxb\jaxb-runtime\4.0.4\jaxb-runtime-4.0.4.jar;C:\Users\Manuel Alvarado\.m2\repository\org\glassfish\jaxb\jaxb-core\4.0.4\jaxb-core-4.0.4.jar;C:\Users\Manuel Alvarado\.m2\repository\org\glassfish\jaxb\txw2\4.0.4\txw2-4.0.4.jar;C:\Users\Manuel Alvarado\.m2\repository\com\sun\istack\istack-commons-runtime\4.1.2\istack-commons-runtime-4.1.2.jar;C:\Users\Manuel Alvarado\.m2\repository\org\springframework\boot\spring-boot-starter-data-jpa\3.2.0\spring-boot-starter-data-jpa-3.2.0.jar;C:\Users\Manuel Alvarado\.m2\repository\org\springframework\boot\spring-boot-starter-aop\3.2.0\spring-boot-starter-aop-3.2.0.jar;C:\Users\Manuel Alvarado\.m2\repository\org\aspectj\aspectjweaver\1.9.20.1\aspectjweaver-1.9.20.1.jar;C:\Users\Manuel Alvarado\.m2\repository\org\springframework\boot\spring-boot-starter-jdbc\3.2.0\spring-boot-starter-jdbc-3.2.0.jar;C:\Users\Manuel Alvarado\.m2\repository\com\zaxxer\HikariCP\5.0.1\HikariCP-5.0.1.jar;C:\Users\Manuel Alvarado\.m2\repository\org\springframework\spring-jdbc\6.1.1\spring-jdbc-6.1.1.jar;C:\Users\Manuel Alvarado\.m2\repository\org\hibernate\orm\hibernate-core\6.3.1.Final\hibernate-core-6.3.1.Final.jar;C:\Users\Manuel Alvarado\.m2\repository\jakarta\persistence\jakarta.persistence-api\3.1.0\jakarta.persistence-api-3.1.0.jar;C:\Users\Manuel Alvarado\.m2\repository\jakarta\transaction\jakarta.transaction-api\2.0.1\jakarta.transaction-api-2.0.1.jar;C:\Users\Manuel Alvarado\.m2\repository\org\jboss\logging\jboss-logging\3.5.3.Final\jboss-logging-3.5.3.Final.jar;C:\Users\Manuel Alvarado\.m2\repository\org\hibernate\common\hibernate-commons-annotations\6.0.6.Final\hibernate-commons-annotations-6.0.6.Final.jar;C:\Users\Manuel Alvarado\.m2\repository\io\smallrye\jandex\3.1.2\jandex-3.1.2.jar;C:\Users\Manuel Alvarado\.m2\repository\com\fasterxml\classmate\1.6.0\classmate-1.6.0.jar;C:\Users\Manuel Alvarado\.m2\repository\net\bytebuddy\byte-buddy\1.14.10\byte-buddy-1.14.10.jar;C:\Users\Manuel Alvarado\.m2\repository\jakarta\inject\jakarta.inject-api\2.0.1\jakarta.inject-api-2.0.1.jar;C:\Users\Manuel Alvarado\.m2\repository\org\antlr\antlr4-runtime\4.10.1\antlr4-runtime-4.10.1.jar;C:\Users\Manuel Alvarado\.m2\repository\org\springframework\data\spring-data-jpa\3.2.0\spring-data-jpa-3.2.0.jar;C:\Users\Manuel Alvarado\.m2\repository\org\springframework\data\spring-data-commons\3.2.0\spring-data-commons-3.2.0.jar;C:\Users\Manuel Alvarado\.m2\repository\org\springframework\spring-orm\6.1.1\spring-orm-6.1.1.jar;C:\Users\Manuel Alvarado\.m2\repository\org\springframework\spring-tx\6.1.1\spring-tx-6.1.1.jar;C:\Users\Manuel Alvarado\.m2\repository\org\slf4j\slf4j-api\2.0.9\slf4j-api-2.0.9.jar;C:\Users\Manuel Alvarado\.m2\repository\org\springframework\spring-aspects\6.1.1\spring-aspects-6.1.1.jar;C:\Users\Manuel Alvarado\.m2\repository\org\springframework\boot\spring-boot-starter-validation\3.2.0\spring-boot-starter-validation-3.2.0.jar;C:\Users\Manuel Alvarado\.m2\repository\org\apache\tomcat\embed\tomcat-embed-el\10.1.16\tomcat-embed-el-10.1.16.jar;C:\Users\Manuel Alvarado\.m2\repository\org\hibernate\validator\hibernate-validator\8.0.1.Final\hibernate-validator-8.0.1.Final.jar;C:\Users\Manuel Alvarado\.m2\repository\jakarta\validation\jakarta.validation-api\3.0.2\jakarta.validation-api-3.0.2.jar;C:\Users\Manuel Alvarado\.m2\repository\com\h2database\h2\2.2.224\h2-2.2.224.jar;C:\Users\Manuel Alvarado\.m2\repository\com\mysql\mysql-connector-j\8.0.33\mysql-connector-j-8.0.33.jar;C:\Users\Manuel Alvarado\.m2\repository\wsdl4j\wsdl4j\1.6.3\wsdl4j-1.6.3.jar;C:\Users\Manuel Alvarado\.m2\repository\org\springframework\boot\spring-boot-starter-webflux\3.2.0\spring-boot-starter-webflux-3.2.0.jar;C:\Users\Manuel Alvarado\.m2\repository\org\springframework\boot\spring-boot-starter-reactor-netty\3.2.0\spring-boot-starter-reactor-netty-3.2.0.jar;C:\Users\Manuel Alvarado\.m2\repository\io\projectreactor\netty\reactor-netty-http\1.1.13\reactor-netty-http-1.1.13.jar;C:\Users\Manuel Alvarado\.m2\repository\io\netty\netty-codec-http\4.1.101.Final\netty-codec-http-4.1.101.Final.jar;C:\Users\Manuel Alvarado\.m2\repository\io\netty\netty-common\4.1.101.Final\netty-common-4.1.101.Final.jar;C:\Users\Manuel Alvarado\.m2\repository\io\netty\netty-buffer\4.1.101.Final\netty-buffer-4.1.101.Final.jar;C:\Users\Manuel Alvarado\.m2\repository\io\netty\netty-transport\4.1.101.Final\netty-transport-4.1.101.Final.jar;C:\Users\Manuel Alvarado\.m2\repository\io\netty\netty-codec\4.1.101.Final\netty-codec-4.1.101.Final.jar;C:\Users\Manuel Alvarado\.m2\repository\io\netty\netty-handler\4.1.101.Final\netty-handler-4.1.101.Final.jar;C:\Users\Manuel Alvarado\.m2\repository\io\netty\netty-codec-http2\4.1.101.Final\netty-codec-http2-4.1.101.Final.jar;C:\Users\Manuel Alvarado\.m2\repository\io\netty\netty-resolver-dns\4.1.101.Final\netty-resolver-dns-4.1.101.Final.jar;C:\Users\Manuel Alvarado\.m2\repository\io\netty\netty-resolver\4.1.101.Final\netty-resolver-4.1.101.Final.jar;C:\Users\Manuel Alvarado\.m2\repository\io\netty\netty-codec-dns\4.1.101.Final\netty-codec-dns-4.1.101.Final.jar;C:\Users\Manuel Alvarado\.m2\repository\io\netty\netty-resolver-dns-native-macos\4.1.101.Final\netty-resolver-dns-native-macos-4.1.101.Final-osx-x86_64.jar;C:\Users\Manuel Alvarado\.m2\repository\io\netty\netty-resolver-dns-classes-macos\4.1.101.Final\netty-resolver-dns-classes-macos-4.1.101.Final.jar;C:\Users\Manuel Alvarado\.m2\repository\io\netty\netty-transport-native-epoll\4.1.101.Final\netty-transport-native-epoll-4.1.101.Final-linux-x86_64.jar;C:\Users\Manuel Alvarado\.m2\repository\io\netty\netty-transport-native-unix-common\4.1.101.Final\netty-transport-native-unix-common-4.1.101.Final.jar;C:\Users\Manuel Alvarado\.m2\repository\io\netty\netty-transport-classes-epoll\4.1.101.Final\netty-transport-classes-epoll-4.1.101.Final.jar;C:\Users\Manuel Alvarado\.m2\repository\io\projectreactor\netty\reactor-netty-core\1.1.13\reactor-netty-core-1.1.13.jar;C:\Users\Manuel Alvarado\.m2\repository\io\netty\netty-handler-proxy\4.1.101.Final\netty-handler-proxy-4.1.101.Final.jar;C:\Users\Manuel Alvarado\.m2\repository\io\netty\netty-codec-socks\4.1.101.Final\netty-codec-socks-4.1.101.Final.jar;C:\Users\Manuel Alvarado\.m2\repository\org\springframework\spring-webflux\6.1.1\spring-webflux-6.1.1.jar;C:\Users\Manuel Alvarado\.m2\repository\io\projectreactor\reactor-core\3.6.0\reactor-core-3.6.0.jar;C:\Users\Manuel Alvarado\.m2\repository\org\reactivestreams\reactive-streams\1.0.4\reactive-streams-1.0.4.jar;C:\Users\Manuel Alvarado\.m2\repository\org\springdoc\springdoc-openapi-starter-webmvc-ui\2.2.0\springdoc-openapi-starter-webmvc-ui-2.2.0.jar;C:\Users\Manuel Alvarado\.m2\repository\org\springdoc\springdoc-openapi-starter-webmvc-api\2.2.0\springdoc-openapi-starter-webmvc-api-2.2.0.jar;C:\Users\Manuel Alvarado\.m2\repository\org\springdoc\springdoc-openapi-starter-common\2.2.0\springdoc-openapi-starter-common-2.2.0.jar;C:\Users\Manuel Alvarado\.m2\repository\io\swagger\core\v3\swagger-core-jakarta\2.2.15\swagger-core-jakarta-2.2.15.jar;C:\Users\Manuel Alvarado\.m2\repository\org\apache\commons\commons-lang3\3.13.0\commons-lang3-3.13.0.jar;C:\Users\Manuel Alvarado\.m2\repository\io\swagger\core\v3\swagger-annotations-jakarta\2.2.15\swagger-annotations-jakarta-2.2.15.jar;C:\Users\Manuel Alvarado\.m2\repository\io\swagger\core\v3\swagger-models-jakarta\2.2.15\swagger-models-jakarta-2.2.15.jar;C:\Users\Manuel Alvarado\.m2\repository\com\fasterxml\jackson\dataformat\jackson-dataformat-yaml\2.15.3\jackson-dataformat-yaml-2.15.3.jar;C:\Users\Manuel Alvarado\.m2\repository\org\webjars\swagger-ui\5.2.0\swagger-ui-5.2.0.jar;C:\Users\Manuel Alvarado\.m2\repository\org\springframework\boot\spring-boot-starter-test\3.2.0\spring-boot-starter-test-3.2.0.jar;C:\Users\Manuel Alvarado\.m2\repository\org\springframework\boot\spring-boot-test\3.2.0\spring-boot-test-3.2.0.jar;C:\Users\Manuel Alvarado\.m2\repository\org\springframework\boot\spring-boot-test-autoconfigure\3.2.0\spring-boot-test-autoconfigure-3.2.0.jar;C:\Users\Manuel Alvarado\.m2\repository\com\jayway\jsonpath\json-path\2.8.0\json-path-2.8.0.jar;C:\Users\Manuel Alvarado\.m2\repository\jakarta\xml\bind\jakarta.xml.bind-api\4.0.1\jakarta.xml.bind-api-4.0.1.jar;C:\Users\Manuel Alvarado\.m2\repository\net\minidev\json-smart\2.5.0\json-smart-2.5.0.jar;C:\Users\Manuel Alvarado\.m2\repository\net\minidev\accessors-smart\2.5.0\accessors-smart-2.5.0.jar;C:\Users\Manuel Alvarado\.m2\repository\org\ow2\asm\asm\9.3\asm-9.3.jar;C:\Users\Manuel Alvarado\.m2\repository\org\assertj\assertj-core\3.24.2\assertj-core-3.24.2.jar;C:\Users\Manuel Alvarado\.m2\repository\org\awaitility\awaitility\4.2.0\awaitility-4.2.0.jar;C:\Users\Manuel Alvarado\.m2\repository\org\hamcrest\hamcrest\2.2\hamcrest-2.2.jar;C:\Users\Manuel Alvarado\.m2\repository\org\junit\jupiter\junit-jupiter\5.10.1\junit-jupiter-5.10.1.jar;C:\Users\Manuel Alvarado\.m2\repository\org\junit\jupiter\junit-jupiter-api\5.10.1\junit-jupiter-api-5.10.1.jar;C:\Users\Manuel Alvarado\.m2\repository\org\junit\jupiter\junit-jupiter-params\5.10.1\junit-jupiter-params-5.10.1.jar;C:\Users\Manuel Alvarado\.m2\repository\org\junit\jupiter\junit-jupiter-engine\5.10.1\junit-jupiter-engine-5.10.1.jar;C:\Users\Manuel Alvarado\.m2\repository\org\mockito\mockito-core\5.7.0\mockito-core-5.7.0.jar;C:\Users\Manuel Alvarado\.m2\repository\net\bytebuddy\byte-buddy-agent\1.14.10\byte-buddy-agent-1.14.10.jar;C:\Users\Manuel Alvarado\.m2\repository\org\objenesis\objenesis\3.3\objenesis-3.3.jar;C:\Users\Manuel Alvarado\.m2\repository\org\mockito\mockito-junit-jupiter\5.7.0\mockito-junit-jupiter-5.7.0.jar;C:\Users\Manuel Alvarado\.m2\repository\org\skyscreamer\jsonassert\1.5.1\jsonassert-1.5.1.jar;C:\Users\Manuel Alvarado\.m2\repository\com\vaadin\external\google\android-json\0.0.20131108.vaadin1\android-json-0.0.20131108.vaadin1.jar;C:\Users\Manuel Alvarado\.m2\repository\org\springframework\spring-core\6.1.1\spring-core-6.1.1.jar;C:\Users\Manuel Alvarado\.m2\repository\org\springframework\spring-jcl\6.1.1\spring-jcl-6.1.1.jar;C:\Users\Manuel Alvarado\.m2\repository\org\springframework\spring-test\6.1.1\spring-test-6.1.1.jar;C:\Users\Manuel Alvarado\.m2\repository\org\xmlunit\xmlunit-core\2.9.1\xmlunit-core-2.9.1.jar;C:\Users\Manuel Alvarado\.m2\repository\io\cucumber\cucumber-java\7.14.0\cucumber-java-7.14.0.jar;C:\Users\Manuel Alvarado\.m2\repository\io\cucumber\cucumber-core\7.14.0\cucumber-core-7.14.0.jar;C:\Users\Manuel Alvarado\.m2\repository\io\cucumber\cucumber-gherkin\7.14.0\cucumber-gherkin-7.14.0.jar;C:\Users\Manuel Alvarado\.m2\repository\io\cucumber\cucumber-gherkin-messages\7.14.0\cucumber-gherkin-messages-7.14.0.jar;C:\Users\Manuel Alvarado\.m2\repository\io\cucumber\gherkin\26.2.0\gherkin-26.2.0.jar;C:\Users\Manuel Alvarado\.m2\repository\io\cucumber\messages\22.0.0\messages-22.0.0.jar;C:\Users\Manuel Alvarado\.m2\repository\io\cucumber\tag-expressions\5.0.6\tag-expressions-5.0.6.jar;C:\Users\Manuel Alvarado\.m2\repository\io\cucumber\cucumber-expressions\16.1.2\cucumber-expressions-16.1.2.jar;C:\Users\Manuel Alvarado\.m2\repository\io\cucumber\datatable\7.14.0\datatable-7.14.0.jar;C:\Users\Manuel Alvarado\.m2\repository\io\cucumber\cucumber-plugin\7.14.0\cucumber-plugin-7.14.0.jar;C:\Users\Manuel Alvarado\.m2\repository\io\cucumber\docstring\7.14.0\docstring-7.14.0.jar;C:\Users\Manuel Alvarado\.m2\repository\io\cucumber\html-formatter\20.4.0\html-formatter-20.4.0.jar;C:\Users\Manuel Alvarado\.m2\repository\io\cucumber\junit-xml-formatter\0.2.0\junit-xml-formatter-0.2.0.jar;C:\Users\Manuel Alvarado\.m2\repository\io\cucumber\ci-environment\9.2.0\ci-environment-9.2.0.jar;C:\Users\Manuel Alvarado\.m2\repository\org\apiguardian\apiguardian-api\1.1.2\apiguardian-api-1.1.2.jar;C:\Users\Manuel Alvarado\.m2\repository\io\cucumber\cucumber-spring\7.14.0\cucumber-spring-7.14.0.jar;C:\Users\Manuel Alvarado\.m2\repository\io\cucumber\cucumber-junit-platform-engine\7.14.0\cucumber-junit-platform-engine-7.14.0.jar;C:\Users\Manuel Alvarado\.m2\repository\org\junit\platform\junit-platform-engine\1.10.1\junit-platform-engine-1.10.1.jar;C:\Users\Manuel Alvarado\.m2\repository\org\opentest4j\opentest4j\1.3.0\opentest4j-1.3.0.jar;C:\Users\Manuel Alvarado\.m2\repository\org\junit\platform\junit-platform-commons\1.10.1\junit-platform-commons-1.10.1.jar;"/>
    <property name="sun.cpu.endian" value="little"/>
    <property name="user.home" value="C:\Users\Manuel Alvarado"/>
    <property name="user.language" value="es"/>
    <property name="java.specification.vendor" value="Oracle Corporation"/>
    <property name="java.version.date" value="2021-10-19"/>
    <property name="java.home" value="C:\Users\Manuel Alvarado\Downloads\sts-4.13.1.RELEASE\plugins\org.eclipse.justj.openjdk.hotspot.jre.full.win32.x86_64_17.0.1.v20211116-1657\jre"/>
    <property name="file.separator" value="\"/>
    <property name="style.color" value="always"/>
    <property name="basedir" value="C:\pokemon-soap-api"/>
    <property name="java.vm.compressedOopsMode" value="Zero based"/>
    <property name="line.separator" value="&#10;"/>
    <property name="java.vm.specification.vendor" value="Oracle Corporation"/>
    <property name="java.specification.name" value="Java Platform API Specification"/>
    <property name="FILE_LOG_CHARSET" value="windows-1252"/>
    <property name="java.awt.headless" value="true"/>
    <property name="surefire.real.class.path" value="C:\Users\Manuel Alvarado\AppData\Local\Temp\surefire10708378791342265411\surefirebooter-20250828043029068_3.jar"/>
    <property name="user.script" value=""/>
    <property name="sun.management.compiler" value="HotSpot 64-Bit Tiered Compilers"/>
    <property name="java.runtime.version" value="17.0.1+12"/>
    <property name="user.name" value="Manuel Alvarado"/>
    <property name="path.separator" value=";"/>
    <property name="os.version" value="10.0"/>
    <property name="java.runtime.name" value="OpenJDK Runtime Environment"/>
    <property name="file.encoding" value="Cp1252"/>
    <property name="java.vm.name" value="OpenJDK 64-Bit Server VM"/>
    <property name="java.vendor.version" value="Temurin-17.0.1+12"/>
    <property name="localRepository" value="C:\Users\Manuel Alvarado\.m2\repository"/>
    <property name="java.vendor.url.bug" value="https://github.com/adoptium/adoptium-support/issues"/>
    <property name="java.io.tmpdir" value="C:\Users\MANUEL~1\AppData\Local\Temp\"/>
    <property name="com.zaxxer.hikari.pool_number" value="1"/>
    <property name="java.version" value="17.0.1"/>
    <property name="user.dir" value="C:\pokemon-soap-api"/>
    <property name="os.arch" value="amd64"/>
    <property name="java.vm.specification.name" value="Java Virtual Machine Specification"/>
    <property name="PID" value="11692"/>
    <property name="sun.os.patch.level" value=""/>
    <property name="CONSOLE_LOG_CHARSET" value="windows-1252"/>
    <property name="native.encoding" value="Cp1252"/>
    <property name="java.library.path" value="C:\Users\Manuel Alvarado\Downloads\sts-4.13.1.RELEASE\plugins\org.eclipse.justj.openjdk.hotspot.jre.full.win32.x86_64_17.0.1.v20211116-1657\jre\bin;C:\WINDOWS\Sun\Java\bin;C:\WINDOWS\system32;C:\WINDOWS;C:/Users/Manuel Alvarado/Downloads/sts-4.13.1.RELEASE//plugins/org.eclipse.justj.openjdk.hotspot.jre.full.win32.x86_64_17.0.1.v20211116-1657/jre/bin/server;C:/Users/Manuel Alvarado/Downloads/sts-4.13.1.RELEASE//plugins/org.eclipse.justj.openjdk.hotspot.jre.full.win32.x86_64_17.0.1.v20211116-1657/jre/bin;C:\Program Files\Common Files\Oracle\Java\javapath;C:\Program Files (x86)\Common Files\Oracle\Java\java8path;C:\Program Files (x86)\Common Files\Oracle\Java\javapath;C:\WINDOWS\system32;C:\WINDOWS;C:\WINDOWS\System32\Wbem;C:\WINDOWS\System32\WindowsPowerShell\v1.0\;C:\WINDOWS\System32\OpenSSH\;C:\Program Files\Git\cmd;C:\Program Files\PuTTY\;C:\Program Files (x86)\Kaspersky Lab\Endpoint Agent\;C:\Program Files\Microsoft SQL Server\Client SDK\ODBC\170\Tools\Binn\;C:\Program Files\Java\jdk-11.0.14\bin;C:\Users\Manuel Alvarado\AppData\Local\Android\Sdk\platform-tools;C:\Program Files\Microsoft SQL Server\150\Tools\Binn\;C:\Program Files (x86)\Microsoft SQL Server\150\Tools\Binn\;C:\Program Files\Microsoft SQL Server\150\DTS\Binn\;C:\Program Files\Microsoft SQL Server\Client SDK\ODBC\130\Tools\Binn\;C:\Program Files (x86)\Microsoft SQL Server\140\Tools\Binn\;C:\Program Files\Microsoft SQL Server\140\Tools\Binn\;C:\Program Files\Microsoft SQL Server\140\DTS\Binn\;C:\Users\INFRA\AppData\Roaming\nvm;C:\Program Files\nodejs;%M2_HOME%\bin;;C:\Program Files\Amazon\AWSCLIV2\;C:\Users\Manuel Alvarado\AppData\Local\Microsoft\WindowsApps;C:\Program Files\Maven\bin;C:\Users\Manuel Alvarado\AppData\Local\Programs\Microsoft VS Code\bin;C:\Program Files\MongoDB\Server\4.4\bin;C:\Program Files\mongo\bin;C:\Users\Manuel Alvarado\AppData\Roaming\npm;C:\Users\Manuel Alvarado\AppData\Local\GitHubDesktop\bin;C:\Users\Manuel Alvarado\Downloads\sts-4.13.1.RELEASE;;."/>
    <property name="java.vm.info" value="mixed mode"/>
    <property name="java.vendor" value="Eclipse Adoptium"/>
    <property name="java.vm.version" value="17.0.1+12"/>
    <property name="sun.io.unicode.encoding" value="UnicodeLittle"/>
    <property name="java.class.version" value="61.0"/>
    <property name="LOGGED_APPLICATION_NAME" value="[pokemon-soap-api] "/>
  </properties>
  <testcase name="testRepositoryMock" classname="com.pokemon.api.service.PokemonServiceTest" time="0.149">
    <system-out><![CDATA[04:30:31.725 [main] INFO org.springframework.test.context.support.AnnotationConfigContextLoaderUtils -- Could not detect default configuration classes for test class [com.pokemon.api.service.PokemonServiceTest]: PokemonServiceTest does not declare any static, non-private, non-final, nested classes annotated with @Configuration.
04:30:32.101 [main] INFO org.springframework.boot.test.context.SpringBootTestContextBootstrapper -- Found @SpringBootConfiguration com.pokemon.api.PokemonSoapApiApplication for test class com.pokemon.api.service.PokemonServiceTest

  .   ____          _            __ _ _
 /\\ / ___'_ __ _ _(_)_ __  __ _ \ \ \ \
( ( )\___ | '_ | '_| | '_ \/ _` | \ \ \ \
 \\/  ___)| |_)| | | | | || (_| |  ) ) ) )
  '  |____| .__|_| |_|_| |_\__, | / / / /
 =========|_|==============|___/=/_/_/_/
 :: Spring Boot ::                (v3.2.0)

2025-08-28T04:30:33.548-05:00  INFO 11692 --- [pokemon-soap-api] [           main] c.p.api.service.PokemonServiceTest       : Starting PokemonServiceTest using Java 17.0.1 with PID 11692 (started by Manuel Alvarado in C:\pokemon-soap-api)
2025-08-28T04:30:33.550-05:00 DEBUG 11692 --- [pokemon-soap-api] [           main] c.p.api.service.PokemonServiceTest       : Running with Spring Boot v3.2.0, Spring v6.1.1
2025-08-28T04:30:33.551-05:00  INFO 11692 --- [pokemon-soap-api] [           main] c.p.api.service.PokemonServiceTest       : No active profile set, falling back to 1 default profile: "default"
2025-08-28T04:30:35.724-05:00  INFO 11692 --- [pokemon-soap-api] [           main] .s.d.r.c.RepositoryConfigurationDelegate : Bootstrapping Spring Data JPA repositories in DEFAULT mode.
2025-08-28T04:30:36.301-05:00  INFO 11692 --- [pokemon-soap-api] [           main] .s.d.r.c.RepositoryConfigurationDelegate : Finished Spring Data repository scanning in 544 ms. Found 1 JPA repository interface.
2025-08-28T04:30:39.410-05:00  WARN 11692 --- [pokemon-soap-api] [           main] trationDelegate$BeanPostProcessorChecker : Bean 'webServiceConfig' of type [com.pokemon.api.config.WebServiceConfig$$SpringCGLIB$$0] is not eligible for getting processed by all BeanPostProcessors (for example: not eligible for auto-proxying). Is this bean getting eagerly injected into a currently created BeanPostProcessor [annotationActionEndpointMapping]? Check the corresponding BeanPostProcessor declaration and its dependencies.
2025-08-28T04:30:39.412-05:00  WARN 11692 --- [pokemon-soap-api] [           main] trationDelegate$BeanPostProcessorChecker : Bean 'org.springframework.ws.config.annotation.DelegatingWsConfiguration' of type [org.springframework.ws.config.annotation.DelegatingWsConfiguration$$SpringCGLIB$$0] is not eligible for getting processed by all BeanPostProcessors (for example: not eligible for auto-proxying). The currently created BeanPostProcessor [annotationActionEndpointMapping] is declared through a non-static factory method on that class; consider declaring it as static instead.
2025-08-28T04:30:39.523-05:00  INFO 11692 --- [pokemon-soap-api] [           main] .w.s.a.s.AnnotationActionEndpointMapping : Supporting [WS-Addressing August 2004, WS-Addressing 1.0]
2025-08-28T04:30:40.201-05:00  INFO 11692 --- [pokemon-soap-api] [           main] o.hibernate.jpa.internal.util.LogHelper  : HHH000204: Processing PersistenceUnitInfo [name: default]
2025-08-28T04:30:40.464-05:00  INFO 11692 --- [pokemon-soap-api] [           main] org.hibernate.Version                    : HHH000412: Hibernate ORM core version 6.3.1.Final
2025-08-28T04:30:40.644-05:00  INFO 11692 --- [pokemon-soap-api] [           main] o.h.c.internal.RegionFactoryInitiator    : HHH000026: Second-level cache disabled
2025-08-28T04:30:41.126-05:00  INFO 11692 --- [pokemon-soap-api] [           main] o.s.o.j.p.SpringPersistenceUnitInfo      : No LoadTimeWeaver setup: ignoring JPA class transformer
2025-08-28T04:30:41.234-05:00  INFO 11692 --- [pokemon-soap-api] [           main] com.zaxxer.hikari.HikariDataSource       : HikariPool-1 - Starting...
2025-08-28T04:30:42.651-05:00  INFO 11692 --- [pokemon-soap-api] [           main] com.zaxxer.hikari.pool.HikariPool        : HikariPool-1 - Added connection conn0: url=jdbc:h2:mem:pokemondb user=SA
2025-08-28T04:30:42.658-05:00  INFO 11692 --- [pokemon-soap-api] [           main] com.zaxxer.hikari.HikariDataSource       : HikariPool-1 - Start completed.
2025-08-28T04:30:42.804-05:00  WARN 11692 --- [pokemon-soap-api] [           main] org.hibernate.orm.deprecation            : HHH90000025: H2Dialect does not need to be specified explicitly using 'hibernate.dialect' (remove the property setting and it will be selected by default)
2025-08-28T04:30:44.853-05:00  INFO 11692 --- [pokemon-soap-api] [           main] o.h.e.t.j.p.i.JtaPlatformInitiator       : HHH000489: No JTA platform available (set 'hibernate.transaction.jta.platform' to enable JTA platform integration)
2025-08-28T04:30:44.912-05:00 DEBUG 11692 --- [pokemon-soap-api] [           main] org.hibernate.SQL                        : 
    drop table if exists pokemon_requests cascade 
Hibernate: 
    drop table if exists pokemon_requests cascade 
2025-08-28T04:30:44.937-05:00 DEBUG 11692 --- [pokemon-soap-api] [           main] org.hibernate.SQL                        : 
    create table pokemon_requests (
        duration_ms bigint,
        id bigint generated by default as identity,
        request_date timestamp(6) not null,
        method_executed varchar(255) not null,
        origin_ip varchar(255) not null,
        pokemon_name varchar(255),
        response_status varchar(255),
        primary key (id)
    )
Hibernate: 
    create table pokemon_requests (
        duration_ms bigint,
        id bigint generated by default as identity,
        request_date timestamp(6) not null,
        method_executed varchar(255) not null,
        origin_ip varchar(255) not null,
        pokemon_name varchar(255),
        response_status varchar(255),
        primary key (id)
    )
2025-08-28T04:30:44.966-05:00  INFO 11692 --- [pokemon-soap-api] [           main] j.LocalContainerEntityManagerFactoryBean : Initialized JPA EntityManagerFactory for persistence unit 'default'
2025-08-28T04:30:45.554-05:00 DEBUG 11692 --- [pokemon-soap-api] [           main] yloadRootAnnotationMethodEndpointMapping : Looking for endpoints in application context: org.springframework.web.context.support.GenericWebApplicationContext@1ccc1026, started on Thu Aug 28 04:30:33 CDT 2025
2025-08-28T04:30:45.561-05:00 DEBUG 11692 --- [pokemon-soap-api] [           main] yloadRootAnnotationMethodEndpointMapping : Mapped [{http://pokemon.com/api/soap}getNameRequest] onto endpoint [public com.pokemon.soap.GetNameResponse com.pokemon.api.controller.PokemonSoapController.getName(org.w3c.dom.Element)]
2025-08-28T04:30:45.562-05:00 DEBUG 11692 --- [pokemon-soap-api] [           main] yloadRootAnnotationMethodEndpointMapping : Mapped [{http://pokemon.com/api/soap}getIdRequest] onto endpoint [public com.pokemon.soap.GetIdResponse com.pokemon.api.controller.PokemonSoapController.getId(org.w3c.dom.Element)]
2025-08-28T04:30:45.562-05:00 DEBUG 11692 --- [pokemon-soap-api] [           main] yloadRootAnnotationMethodEndpointMapping : Mapped [{http://pokemon.com/api/soap}getLocationAreaEncountersRequest] onto endpoint [public com.pokemon.soap.GetLocationAreaEncountersResponse com.pokemon.api.controller.PokemonSoapController.getLocationAreaEncounters(org.w3c.dom.Element)]
2025-08-28T04:30:45.562-05:00 DEBUG 11692 --- [pokemon-soap-api] [           main] yloadRootAnnotationMethodEndpointMapping : Mapped [{http://pokemon.com/api/soap}getHeldItemsRequest] onto endpoint [public com.pokemon.soap.GetHeldItemsResponse com.pokemon.api.controller.PokemonSoapController.getHeldItems(org.w3c.dom.Element)]
2025-08-28T04:30:45.563-05:00 DEBUG 11692 --- [pokemon-soap-api] [           main] yloadRootAnnotationMethodEndpointMapping : Mapped [{http://pokemon.com/api/soap}getBaseExperienceRequest] onto endpoint [public com.pokemon.soap.GetBaseExperienceResponse com.pokemon.api.controller.PokemonSoapController.getBaseExperience(org.w3c.dom.Element)]
2025-08-28T04:30:45.563-05:00 DEBUG 11692 --- [pokemon-soap-api] [           main] yloadRootAnnotationMethodEndpointMapping : Mapped [{http://pokemon.com/api/soap}getAbilitiesRequest] onto endpoint [public com.pokemon.soap.GetAbilitiesResponse com.pokemon.api.controller.PokemonSoapController.getAbilities(org.w3c.dom.Element)]
2025-08-28T04:30:45.571-05:00 DEBUG 11692 --- [pokemon-soap-api] [           main] oapActionAnnotationMethodEndpointMapping : Looking for endpoints in application context: org.springframework.web.context.support.GenericWebApplicationContext@1ccc1026, started on Thu Aug 28 04:30:33 CDT 2025
2025-08-28T04:30:45.599-05:00 DEBUG 11692 --- [pokemon-soap-api] [           main] o.s.w.s.e.a.DefaultMethodEndpointAdapter : No MethodArgumentResolvers set, using defaults: [org.springframework.ws.server.endpoint.adapter.method.dom.DomPayloadMethodProcessor@1cd82d4d, org.springframework.ws.server.endpoint.adapter.method.MessageContextMethodArgumentResolver@2be76355, org.springframework.ws.server.endpoint.adapter.method.SourcePayloadMethodProcessor@2b3a4b06, org.springframework.ws.server.endpoint.adapter.method.XPathParamMethodArgumentResolver@1f9ca08e, org.springframework.ws.soap.server.endpoint.adapter.method.SoapMethodArgumentResolver@42735475, org.springframework.ws.soap.server.endpoint.adapter.method.SoapHeaderElementMethodArgumentResolver@529e6aa5, org.springframework.ws.server.endpoint.adapter.method.jaxb.XmlRootElementPayloadMethodProcessor@2b05798b, org.springframework.ws.server.endpoint.adapter.method.jaxb.JaxbElementPayloadMethodProcessor@516724b5, org.springframework.ws.server.endpoint.adapter.method.StaxPayloadMethodArgumentResolver@96f0210]
2025-08-28T04:30:45.601-05:00 DEBUG 11692 --- [pokemon-soap-api] [           main] o.s.w.s.e.a.DefaultMethodEndpointAdapter : No MethodReturnValueHandlers set, using defaults: [org.springframework.ws.server.endpoint.adapter.method.dom.DomPayloadMethodProcessor@28059ada, org.springframework.ws.server.endpoint.adapter.method.SourcePayloadMethodProcessor@284c7770, org.springframework.ws.server.endpoint.adapter.method.jaxb.XmlRootElementPayloadMethodProcessor@4066ac40, org.springframework.ws.server.endpoint.adapter.method.jaxb.JaxbElementPayloadMethodProcessor@31e849de]
2025-08-28T04:30:45.749-05:00 DEBUG 11692 --- [pokemon-soap-api] [           main] s.w.w.w.p.InliningXsdSchemaTypesProvider : Inlining SimpleXsdSchema{http://pokemon.com/api/soap}
2025-08-28T04:30:45.771-05:00 DEBUG 11692 --- [pokemon-soap-api] [           main] o.s.w.w.w.p.DefaultMessagesProvider      : Looking for elements in schema with target namespace [http://pokemon.com/api/soap]
2025-08-28T04:30:45.772-05:00 DEBUG 11692 --- [pokemon-soap-api] [           main] o.s.w.w.w.p.DefaultMessagesProvider      : Creating message [{http://pokemon.com/api/soap}getAbilitiesRequest]
2025-08-28T04:30:45.774-05:00 DEBUG 11692 --- [pokemon-soap-api] [           main] o.s.w.w.w.p.DefaultMessagesProvider      : Creating message [{http://pokemon.com/api/soap}getBaseExperienceRequest]
2025-08-28T04:30:45.774-05:00 DEBUG 11692 --- [pokemon-soap-api] [           main] o.s.w.w.w.p.DefaultMessagesProvider      : Creating message [{http://pokemon.com/api/soap}getHeldItemsRequest]
2025-08-28T04:30:45.774-05:00 DEBUG 11692 --- [pokemon-soap-api] [           main] o.s.w.w.w.p.DefaultMessagesProvider      : Creating message [{http://pokemon.com/api/soap}getIdRequest]
2025-08-28T04:30:45.774-05:00 DEBUG 11692 --- [pokemon-soap-api] [           main] o.s.w.w.w.p.DefaultMessagesProvider      : Creating message [{http://pokemon.com/api/soap}getNameRequest]
2025-08-28T04:30:45.774-05:00 DEBUG 11692 --- [pokemon-soap-api] [           main] o.s.w.w.w.p.DefaultMessagesProvider      : Creating message [{http://pokemon.com/api/soap}getLocationAreaEncountersRequest]
2025-08-28T04:30:45.774-05:00 DEBUG 11692 --- [pokemon-soap-api] [           main] o.s.w.w.w.p.DefaultMessagesProvider      : Creating message [{http://pokemon.com/api/soap}getAbilitiesResponse]
2025-08-28T04:30:45.775-05:00 DEBUG 11692 --- [pokemon-soap-api] [           main] o.s.w.w.w.p.DefaultMessagesProvider      : Creating message [{http://pokemon.com/api/soap}getBaseExperienceResponse]
2025-08-28T04:30:45.775-05:00 DEBUG 11692 --- [pokemon-soap-api] [           main] o.s.w.w.w.p.DefaultMessagesProvider      : Creating message [{http://pokemon.com/api/soap}getHeldItemsResponse]
2025-08-28T04:30:45.775-05:00 DEBUG 11692 --- [pokemon-soap-api] [           main] o.s.w.w.w.p.DefaultMessagesProvider      : Creating message [{http://pokemon.com/api/soap}getIdResponse]
2025-08-28T04:30:45.775-05:00 DEBUG 11692 --- [pokemon-soap-api] [           main] o.s.w.w.w.p.DefaultMessagesProvider      : Creating message [{http://pokemon.com/api/soap}getNameResponse]
2025-08-28T04:30:45.775-05:00 DEBUG 11692 --- [pokemon-soap-api] [           main] o.s.w.w.w.p.DefaultMessagesProvider      : Creating message [{http://pokemon.com/api/soap}getLocationAreaEncountersResponse]
2025-08-28T04:30:45.777-05:00 DEBUG 11692 --- [pokemon-soap-api] [           main] o.s.w.w.w.p.SuffixBasedPortTypesProvider : Creating port type [{http://pokemon.com/api/soap}PokemonPort]
2025-08-28T04:30:45.782-05:00 DEBUG 11692 --- [pokemon-soap-api] [           main] o.s.w.w.w.p.SuffixBasedPortTypesProvider : Adding operation [getAbilities] to port type [{http://pokemon.com/api/soap}PokemonPort]
2025-08-28T04:30:45.782-05:00 DEBUG 11692 --- [pokemon-soap-api] [           main] o.s.w.w.w.p.SuffixBasedPortTypesProvider : Adding operation [getBaseExperience] to port type [{http://pokemon.com/api/soap}PokemonPort]
2025-08-28T04:30:45.782-05:00 DEBUG 11692 --- [pokemon-soap-api] [           main] o.s.w.w.w.p.SuffixBasedPortTypesProvider : Adding operation [getName] to port type [{http://pokemon.com/api/soap}PokemonPort]
2025-08-28T04:30:45.783-05:00 DEBUG 11692 --- [pokemon-soap-api] [           main] o.s.w.w.w.p.SuffixBasedPortTypesProvider : Adding operation [getId] to port type [{http://pokemon.com/api/soap}PokemonPort]
2025-08-28T04:30:45.783-05:00 DEBUG 11692 --- [pokemon-soap-api] [           main] o.s.w.w.w.p.SuffixBasedPortTypesProvider : Adding operation [getLocationAreaEncounters] to port type [{http://pokemon.com/api/soap}PokemonPort]
2025-08-28T04:30:45.783-05:00 DEBUG 11692 --- [pokemon-soap-api] [           main] o.s.w.w.w.p.SuffixBasedPortTypesProvider : Adding operation [getHeldItems] to port type [{http://pokemon.com/api/soap}PokemonPort]
2025-08-28T04:30:45.786-05:00 DEBUG 11692 --- [pokemon-soap-api] [           main] o.s.w.w.wsdl11.provider.Soap11Provider   : Creating binding [{http://pokemon.com/api/soap}PokemonPortSoap11]
2025-08-28T04:30:45.791-05:00 DEBUG 11692 --- [pokemon-soap-api] [           main] o.s.w.w.wsdl11.provider.Soap11Provider   : Creating service [{http://pokemon.com/api/soap}PokemonPortService]
2025-08-28T04:30:45.793-05:00 DEBUG 11692 --- [pokemon-soap-api] [           main] o.s.w.w.wsdl11.provider.Soap11Provider   : Adding port [PokemonPortSoap11] to service [{http://pokemon.com/api/soap}PokemonPortService]
2025-08-28T04:30:46.496-05:00  WARN 11692 --- [pokemon-soap-api] [           main] JpaBaseConfiguration$JpaWebConfiguration : spring.jpa.open-in-view is enabled by default. Therefore, database queries may be performed during view rendering. Explicitly configure spring.jpa.open-in-view to disable this warning
2025-08-28T04:30:47.269-05:00  INFO 11692 --- [pokemon-soap-api] [           main] o.s.b.a.h2.H2ConsoleAutoConfiguration    : H2 console available at '/h2-console'. Database available at 'jdbc:h2:mem:pokemondb'
2025-08-28T04:30:47.403-05:00  INFO 11692 --- [pokemon-soap-api] [           main] c.p.api.service.PokemonServiceTest       : Started PokemonServiceTest in 14.721 seconds (process running for 18.025)
]]></system-out>
  </testcase>
  <testcase name="testServiceExists" classname="com.pokemon.api.service.PokemonServiceTest" time="0.007"/>
</testsuite>